{"C:\\Users\\xkami\\Desktop\\paiirz\\frontend\\src\\hooks\\useLocalStorage.ts": {"path":"C:\\Users\\xkami\\Desktop\\paiirz\\frontend\\src\\hooks\\useLocalStorage.ts","all":false,"statementMap":{"0":{"start":{"line":1,"column":0},"end":{"line":1,"column":46}},"2":{"start":{"line":3,"column":0},"end":{"line":3,"column":3}},"8":{"start":{"line":9,"column":0},"end":{"line":9,"column":3}},"9":{"start":{"line":10,"column":0},"end":{"line":10,"column":35}},"10":{"start":{"line":11,"column":0},"end":{"line":11,"column":14}},"11":{"start":{"line":12,"column":0},"end":{"line":12,"column":12}},"13":{"start":{"line":14,"column":0},"end":{"line":14,"column":49}},"14":{"start":{"line":15,"column":0},"end":{"line":15,"column":9}},"15":{"start":{"line":16,"column":0},"end":{"line":16,"column":44}},"16":{"start":{"line":17,"column":0},"end":{"line":17,"column":39}},"17":{"start":{"line":18,"column":0},"end":{"line":18,"column":34}},"18":{"start":{"line":19,"column":0},"end":{"line":19,"column":13}},"19":{"start":{"line":20,"column":0},"end":{"line":20,"column":21}},"20":{"start":{"line":21,"column":0},"end":{"line":21,"column":5}},"21":{"start":{"line":22,"column":0},"end":{"line":22,"column":5}},"23":{"start":{"line":24,"column":0},"end":{"line":24,"column":31}},"24":{"start":{"line":25,"column":0},"end":{"line":25,"column":38}},"25":{"start":{"line":26,"column":0},"end":{"line":26,"column":27}},"26":{"start":{"line":27,"column":0},"end":{"line":27,"column":20}},"27":{"start":{"line":28,"column":0},"end":{"line":28,"column":37}},"28":{"start":{"line":29,"column":0},"end":{"line":29,"column":45}},"29":{"start":{"line":30,"column":0},"end":{"line":30,"column":20}},"30":{"start":{"line":31,"column":0},"end":{"line":31,"column":13}},"31":{"start":{"line":32,"column":0},"end":{"line":32,"column":58}},"32":{"start":{"line":33,"column":0},"end":{"line":33,"column":17}},"33":{"start":{"line":34,"column":0},"end":{"line":34,"column":64}},"34":{"start":{"line":35,"column":0},"end":{"line":35,"column":9}},"35":{"start":{"line":36,"column":0},"end":{"line":36,"column":20}},"36":{"start":{"line":37,"column":0},"end":{"line":37,"column":9}},"37":{"start":{"line":38,"column":0},"end":{"line":38,"column":6}},"38":{"start":{"line":39,"column":0},"end":{"line":39,"column":9}},"41":{"start":{"line":42,"column":0},"end":{"line":42,"column":28}},"42":{"start":{"line":43,"column":0},"end":{"line":43,"column":1}}},"s":{"0":1,"2":1,"8":1,"9":1,"10":21,"11":21,"13":21,"14":14,"15":14,"16":14,"17":3,"18":14,"19":1,"20":1,"21":14,"23":21,"24":21,"25":7,"26":7,"27":7,"28":1,"29":6,"30":7,"31":7,"32":7,"33":1,"34":1,"35":7,"36":7,"37":7,"38":21,"41":21,"42":21},"branchMap":{"0":{"type":"branch","line":10,"loc":{"start":{"line":10,"column":7},"end":{"line":43,"column":1}},"locations":[{"start":{"line":10,"column":7},"end":{"line":43,"column":1}}]},"1":{"type":"branch","line":14,"loc":{"start":{"line":14,"column":42},"end":{"line":22,"column":5}},"locations":[{"start":{"line":14,"column":42},"end":{"line":22,"column":5}}]},"2":{"type":"branch","line":17,"loc":{"start":{"line":17,"column":24},"end":{"line":17,"column":39}},"locations":[{"start":{"line":17,"column":24},"end":{"line":17,"column":39}}]},"3":{"type":"branch","line":17,"loc":{"start":{"line":17,"column":31},"end":{"line":19,"column":6}},"locations":[{"start":{"line":17,"column":31},"end":{"line":19,"column":6}}]},"4":{"type":"branch","line":19,"loc":{"start":{"line":19,"column":6},"end":{"line":21,"column":5}},"locations":[{"start":{"line":19,"column":6},"end":{"line":21,"column":5}}]},"5":{"type":"branch","line":25,"loc":{"start":{"line":25,"column":4},"end":{"line":38,"column":6}},"locations":[{"start":{"line":25,"column":4},"end":{"line":38,"column":6}}]},"6":{"type":"branch","line":26,"loc":{"start":{"line":26,"column":16},"end":{"line":37,"column":9}},"locations":[{"start":{"line":26,"column":16},"end":{"line":37,"column":9}}]},"7":{"type":"branch","line":28,"loc":{"start":{"line":28,"column":27},"end":{"line":29,"column":45}},"locations":[{"start":{"line":28,"column":27},"end":{"line":29,"column":45}}]},"8":{"type":"branch","line":29,"loc":{"start":{"line":29,"column":40},"end":{"line":30,"column":20}},"locations":[{"start":{"line":29,"column":40},"end":{"line":30,"column":20}}]},"9":{"type":"branch","line":33,"loc":{"start":{"line":33,"column":10},"end":{"line":35,"column":9}},"locations":[{"start":{"line":33,"column":10},"end":{"line":35,"column":9}}]}},"b":{"0":[21],"1":[14],"2":[11],"3":[3],"4":[1],"5":[7],"6":[7],"7":[1],"8":[6],"9":[1]},"fnMap":{"0":{"name":"useLocalStorage","decl":{"start":{"line":10,"column":7},"end":{"line":43,"column":1}},"loc":{"start":{"line":10,"column":7},"end":{"line":43,"column":1}},"line":10}},"f":{"0":21}}
,"C:\\Users\\xkami\\Desktop\\paiirz\\frontend\\src\\hooks\\useNotificationSound.ts": {"path":"C:\\Users\\xkami\\Desktop\\paiirz\\frontend\\src\\hooks\\useNotificationSound.ts","all":false,"statementMap":{"0":{"start":{"line":1,"column":0},"end":{"line":1,"column":42}},"11":{"start":{"line":12,"column":0},"end":{"line":12,"column":3}},"14":{"start":{"line":15,"column":0},"end":{"line":15,"column":3}},"15":{"start":{"line":16,"column":0},"end":{"line":16,"column":68}},"16":{"start":{"line":17,"column":0},"end":{"line":17,"column":69}},"17":{"start":{"line":18,"column":0},"end":{"line":18,"column":21}},"18":{"start":{"line":19,"column":0},"end":{"line":19,"column":8}},"21":{"start":{"line":22,"column":0},"end":{"line":22,"column":74}},"22":{"start":{"line":23,"column":0},"end":{"line":23,"column":57}},"23":{"start":{"line":24,"column":0},"end":{"line":24,"column":49}},"24":{"start":{"line":25,"column":0},"end":{"line":25,"column":19}},"25":{"start":{"line":26,"column":0},"end":{"line":26,"column":45}},"26":{"start":{"line":27,"column":0},"end":{"line":27,"column":22}},"28":{"start":{"line":29,"column":0},"end":{"line":29,"column":37}},"29":{"start":{"line":30,"column":0},"end":{"line":30,"column":58}},"30":{"start":{"line":31,"column":0},"end":{"line":31,"column":4}},"32":{"start":{"line":33,"column":0},"end":{"line":33,"column":51}},"33":{"start":{"line":34,"column":0},"end":{"line":34,"column":1}}},"s":{"0":1,"11":1,"14":1,"15":1,"16":7,"17":7,"18":7,"21":7,"22":7,"23":7,"24":7,"25":7,"26":7,"28":7,"29":2,"30":2,"32":7,"33":7},"branchMap":{"0":{"type":"branch","line":16,"loc":{"start":{"line":16,"column":7},"end":{"line":34,"column":1}},"locations":[{"start":{"line":16,"column":7},"end":{"line":34,"column":1}}]},"1":{"type":"branch","line":25,"loc":{"start":{"line":25,"column":12},"end":{"line":27,"column":5}},"locations":[{"start":{"line":25,"column":12},"end":{"line":27,"column":5}}]},"2":{"type":"branch","line":29,"loc":{"start":{"line":29,"column":15},"end":{"line":31,"column":4}},"locations":[{"start":{"line":29,"column":15},"end":{"line":31,"column":4}}]}},"b":{"0":[7],"1":[7],"2":[2]},"fnMap":{"0":{"name":"useNotificationSound","decl":{"start":{"line":16,"column":7},"end":{"line":34,"column":1}},"loc":{"start":{"line":16,"column":7},"end":{"line":34,"column":1}},"line":16},"1":{"name":"play","decl":{"start":{"line":29,"column":15},"end":{"line":31,"column":4}},"loc":{"start":{"line":29,"column":15},"end":{"line":31,"column":4}},"line":29}},"f":{"0":7,"1":2}}
,"C:\\Users\\xkami\\Desktop\\paiirz\\frontend\\src\\hooks\\useSessionStats.ts": {"path":"C:\\Users\\xkami\\Desktop\\paiirz\\frontend\\src\\hooks\\useSessionStats.ts","all":false,"statementMap":{"0":{"start":{"line":1,"column":0},"end":{"line":1,"column":46}},"24":{"start":{"line":25,"column":0},"end":{"line":25,"column":58}},"25":{"start":{"line":26,"column":0},"end":{"line":26,"column":88}},"26":{"start":{"line":27,"column":0},"end":{"line":27,"column":56}},"28":{"start":{"line":29,"column":0},"end":{"line":29,"column":42}},"29":{"start":{"line":30,"column":0},"end":{"line":30,"column":21}},"30":{"start":{"line":31,"column":0},"end":{"line":31,"column":31}},"31":{"start":{"line":32,"column":0},"end":{"line":32,"column":28}},"32":{"start":{"line":33,"column":0},"end":{"line":33,"column":7}},"33":{"start":{"line":34,"column":0},"end":{"line":34,"column":26}},"34":{"start":{"line":35,"column":0},"end":{"line":35,"column":9}},"36":{"start":{"line":37,"column":0},"end":{"line":37,"column":40}},"37":{"start":{"line":38,"column":0},"end":{"line":38,"column":31}},"38":{"start":{"line":39,"column":0},"end":{"line":39,"column":44}},"39":{"start":{"line":40,"column":0},"end":{"line":40,"column":29}},"40":{"start":{"line":41,"column":0},"end":{"line":41,"column":48}},"41":{"start":{"line":42,"column":0},"end":{"line":42,"column":7}},"42":{"start":{"line":43,"column":0},"end":{"line":43,"column":18}},"43":{"start":{"line":44,"column":0},"end":{"line":44,"column":7}},"44":{"start":{"line":45,"column":0},"end":{"line":45,"column":9}},"46":{"start":{"line":47,"column":0},"end":{"line":47,"column":40}},"47":{"start":{"line":48,"column":0},"end":{"line":48,"column":43}},"48":{"start":{"line":49,"column":0},"end":{"line":49,"column":26}},"49":{"start":{"line":50,"column":0},"end":{"line":50,"column":9}},"51":{"start":{"line":52,"column":0},"end":{"line":52,"column":36}},"52":{"start":{"line":53,"column":0},"end":{"line":53,"column":82}},"53":{"start":{"line":54,"column":0},"end":{"line":54,"column":34}},"54":{"start":{"line":55,"column":0},"end":{"line":55,"column":16}},"55":{"start":{"line":56,"column":0},"end":{"line":56,"column":61}},"56":{"start":{"line":57,"column":0},"end":{"line":57,"column":64}},"57":{"start":{"line":58,"column":0},"end":{"line":58,"column":64}},"58":{"start":{"line":59,"column":0},"end":{"line":59,"column":62}},"59":{"start":{"line":60,"column":0},"end":{"line":60,"column":10}},"60":{"start":{"line":61,"column":0},"end":{"line":61,"column":6}},"61":{"start":{"line":62,"column":0},"end":{"line":62,"column":6}},"64":{"start":{"line":65,"column":0},"end":{"line":65,"column":40}},"65":{"start":{"line":66,"column":0},"end":{"line":66,"column":66}},"66":{"start":{"line":67,"column":0},"end":{"line":67,"column":34}},"67":{"start":{"line":68,"column":0},"end":{"line":68,"column":16}},"68":{"start":{"line":69,"column":0},"end":{"line":69,"column":69}},"69":{"start":{"line":70,"column":0},"end":{"line":70,"column":72}},"70":{"start":{"line":71,"column":0},"end":{"line":71,"column":72}},"71":{"start":{"line":72,"column":0},"end":{"line":72,"column":10}},"72":{"start":{"line":73,"column":0},"end":{"line":73,"column":6}},"73":{"start":{"line":74,"column":0},"end":{"line":74,"column":6}},"76":{"start":{"line":77,"column":0},"end":{"line":77,"column":79}},"78":{"start":{"line":79,"column":0},"end":{"line":79,"column":44}},"79":{"start":{"line":80,"column":0},"end":{"line":80,"column":72}},"80":{"start":{"line":81,"column":0},"end":{"line":81,"column":65}},"81":{"start":{"line":82,"column":0},"end":{"line":82,"column":47}},"82":{"start":{"line":83,"column":0},"end":{"line":83,"column":46}},"83":{"start":{"line":84,"column":0},"end":{"line":84,"column":34}},"84":{"start":{"line":85,"column":0},"end":{"line":85,"column":61}},"85":{"start":{"line":86,"column":0},"end":{"line":86,"column":53}},"87":{"start":{"line":88,"column":0},"end":{"line":88,"column":42}},"88":{"start":{"line":89,"column":0},"end":{"line":89,"column":67}},"89":{"start":{"line":90,"column":0},"end":{"line":90,"column":65}},"90":{"start":{"line":91,"column":0},"end":{"line":91,"column":40}},"91":{"start":{"line":92,"column":0},"end":{"line":92,"column":35}},"92":{"start":{"line":93,"column":0},"end":{"line":93,"column":76}},"93":{"start":{"line":94,"column":0},"end":{"line":94,"column":81}},"95":{"start":{"line":96,"column":0},"end":{"line":96,"column":35}},"96":{"start":{"line":97,"column":0},"end":{"line":97,"column":9}},"97":{"start":{"line":98,"column":0},"end":{"line":98,"column":34}},"98":{"start":{"line":99,"column":0},"end":{"line":99,"column":35}},"99":{"start":{"line":100,"column":0},"end":{"line":100,"column":34}},"100":{"start":{"line":101,"column":0},"end":{"line":101,"column":90}},"103":{"start":{"line":104,"column":0},"end":{"line":104,"column":39}},"104":{"start":{"line":105,"column":0},"end":{"line":105,"column":9}},"105":{"start":{"line":106,"column":0},"end":{"line":106,"column":38}},"106":{"start":{"line":107,"column":0},"end":{"line":107,"column":39}},"107":{"start":{"line":108,"column":0},"end":{"line":108,"column":38}},"108":{"start":{"line":109,"column":0},"end":{"line":109,"column":102}},"111":{"start":{"line":112,"column":0},"end":{"line":112,"column":48}},"112":{"start":{"line":113,"column":0},"end":{"line":113,"column":57}},"113":{"start":{"line":114,"column":0},"end":{"line":114,"column":39}},"114":{"start":{"line":115,"column":0},"end":{"line":115,"column":35}},"115":{"start":{"line":116,"column":0},"end":{"line":116,"column":60}},"117":{"start":{"line":118,"column":0},"end":{"line":118,"column":37}},"118":{"start":{"line":119,"column":0},"end":{"line":119,"column":45}},"120":{"start":{"line":121,"column":0},"end":{"line":121,"column":27}},"121":{"start":{"line":122,"column":0},"end":{"line":122,"column":79}},"122":{"start":{"line":123,"column":0},"end":{"line":123,"column":48}},"123":{"start":{"line":124,"column":0},"end":{"line":124,"column":5}},"124":{"start":{"line":125,"column":0},"end":{"line":125,"column":62}},"125":{"start":{"line":126,"column":0},"end":{"line":126,"column":64}},"126":{"start":{"line":127,"column":0},"end":{"line":127,"column":5}},"127":{"start":{"line":128,"column":0},"end":{"line":128,"column":48}},"128":{"start":{"line":129,"column":0},"end":{"line":129,"column":50}},"129":{"start":{"line":130,"column":0},"end":{"line":130,"column":5}},"130":{"start":{"line":131,"column":0},"end":{"line":131,"column":48}},"131":{"start":{"line":132,"column":0},"end":{"line":132,"column":62}},"132":{"start":{"line":133,"column":0},"end":{"line":133,"column":5}},"133":{"start":{"line":134,"column":0},"end":{"line":134,"column":73}},"134":{"start":{"line":135,"column":0},"end":{"line":135,"column":85}},"136":{"start":{"line":137,"column":0},"end":{"line":137,"column":10}},"137":{"start":{"line":138,"column":0},"end":{"line":138,"column":17}},"138":{"start":{"line":139,"column":0},"end":{"line":139,"column":16}},"139":{"start":{"line":140,"column":0},"end":{"line":140,"column":19}},"140":{"start":{"line":141,"column":0},"end":{"line":141,"column":17}},"141":{"start":{"line":142,"column":0},"end":{"line":142,"column":15}},"142":{"start":{"line":143,"column":0},"end":{"line":143,"column":15}},"143":{"start":{"line":144,"column":0},"end":{"line":144,"column":18}},"144":{"start":{"line":145,"column":0},"end":{"line":145,"column":22}},"145":{"start":{"line":146,"column":0},"end":{"line":146,"column":14}},"146":{"start":{"line":147,"column":0},"end":{"line":147,"column":21}},"147":{"start":{"line":148,"column":0},"end":{"line":148,"column":19}},"148":{"start":{"line":149,"column":0},"end":{"line":149,"column":19}},"149":{"start":{"line":150,"column":0},"end":{"line":150,"column":23}},"150":{"start":{"line":151,"column":0},"end":{"line":151,"column":25}},"151":{"start":{"line":152,"column":0},"end":{"line":152,"column":6}},"152":{"start":{"line":153,"column":0},"end":{"line":153,"column":4}},"153":{"start":{"line":154,"column":0},"end":{"line":154,"column":1}}},"s":{"0":1,"24":1,"25":75,"26":75,"28":75,"29":14,"30":14,"31":14,"32":14,"33":14,"34":75,"36":75,"37":13,"38":13,"39":11,"40":11,"41":11,"42":2,"43":2,"44":75,"46":75,"47":1,"48":1,"49":75,"51":75,"52":75,"53":8,"54":8,"55":8,"56":8,"57":8,"58":8,"59":8,"60":8,"61":75,"64":75,"65":75,"66":7,"67":7,"68":7,"69":7,"70":7,"71":7,"72":7,"73":75,"76":75,"78":75,"79":3,"80":2,"81":2,"82":2,"83":2,"84":3,"85":75,"87":75,"88":3,"89":2,"90":2,"91":3,"92":1,"93":75,"95":75,"96":75,"97":7,"98":7,"99":75,"100":75,"103":75,"104":75,"105":7,"106":7,"107":75,"108":75,"111":75,"112":7,"113":7,"114":6,"115":6,"117":6,"118":6,"120":7,"121":2,"122":1,"123":1,"124":7,"125":1,"126":1,"127":7,"128":1,"129":1,"130":7,"131":1,"132":1,"133":1,"134":75,"136":75,"137":75,"138":75,"139":75,"140":75,"141":75,"142":75,"143":75,"144":75,"145":75,"146":75,"147":75,"148":75,"149":75,"150":75,"151":75,"152":75,"153":75},"branchMap":{"0":{"type":"branch","line":25,"loc":{"start":{"line":25,"column":7},"end":{"line":154,"column":1}},"locations":[{"start":{"line":25,"column":7},"end":{"line":154,"column":1}}]},"1":{"type":"branch","line":29,"loc":{"start":{"line":29,"column":35},"end":{"line":35,"column":5}},"locations":[{"start":{"line":29,"column":35},"end":{"line":35,"column":5}}]},"2":{"type":"branch","line":37,"loc":{"start":{"line":37,"column":33},"end":{"line":45,"column":5}},"locations":[{"start":{"line":37,"column":33},"end":{"line":45,"column":5}}]},"3":{"type":"branch","line":38,"loc":{"start":{"line":38,"column":20},"end":{"line":44,"column":7}},"locations":[{"start":{"line":38,"column":20},"end":{"line":44,"column":7}}]},"4":{"type":"branch","line":39,"loc":{"start":{"line":39,"column":24},"end":{"line":39,"column":41}},"locations":[{"start":{"line":39,"column":24},"end":{"line":39,"column":41}}]},"5":{"type":"branch","line":39,"loc":{"start":{"line":39,"column":43},"end":{"line":42,"column":7}},"locations":[{"start":{"line":39,"column":43},"end":{"line":42,"column":7}}]},"6":{"type":"branch","line":42,"loc":{"start":{"line":42,"column":6},"end":{"line":44,"column":7}},"locations":[{"start":{"line":42,"column":6},"end":{"line":44,"column":7}}]},"7":{"type":"branch","line":47,"loc":{"start":{"line":47,"column":33},"end":{"line":50,"column":5}},"locations":[{"start":{"line":47,"column":33},"end":{"line":50,"column":5}}]},"8":{"type":"branch","line":53,"loc":{"start":{"line":53,"column":4},"end":{"line":61,"column":6}},"locations":[{"start":{"line":53,"column":4},"end":{"line":61,"column":6}}]},"9":{"type":"branch","line":54,"loc":{"start":{"line":54,"column":22},"end":{"line":60,"column":10}},"locations":[{"start":{"line":54,"column":22},"end":{"line":60,"column":10}}]},"10":{"type":"branch","line":56,"loc":{"start":{"line":56,"column":54},"end":{"line":56,"column":61}},"locations":[{"start":{"line":56,"column":54},"end":{"line":56,"column":61}}]},"11":{"type":"branch","line":57,"loc":{"start":{"line":57,"column":57},"end":{"line":57,"column":64}},"locations":[{"start":{"line":57,"column":57},"end":{"line":57,"column":64}}]},"12":{"type":"branch","line":58,"loc":{"start":{"line":58,"column":57},"end":{"line":58,"column":64}},"locations":[{"start":{"line":58,"column":57},"end":{"line":58,"column":64}}]},"13":{"type":"branch","line":59,"loc":{"start":{"line":59,"column":55},"end":{"line":59,"column":62}},"locations":[{"start":{"line":59,"column":55},"end":{"line":59,"column":62}}]},"14":{"type":"branch","line":66,"loc":{"start":{"line":66,"column":4},"end":{"line":73,"column":6}},"locations":[{"start":{"line":66,"column":4},"end":{"line":73,"column":6}}]},"15":{"type":"branch","line":67,"loc":{"start":{"line":67,"column":22},"end":{"line":72,"column":10}},"locations":[{"start":{"line":67,"column":22},"end":{"line":72,"column":10}}]},"16":{"type":"branch","line":69,"loc":{"start":{"line":69,"column":62},"end":{"line":69,"column":69}},"locations":[{"start":{"line":69,"column":62},"end":{"line":69,"column":69}}]},"17":{"type":"branch","line":70,"loc":{"start":{"line":70,"column":65},"end":{"line":70,"column":72}},"locations":[{"start":{"line":70,"column":65},"end":{"line":70,"column":72}}]},"18":{"type":"branch","line":71,"loc":{"start":{"line":71,"column":65},"end":{"line":71,"column":72}},"locations":[{"start":{"line":71,"column":65},"end":{"line":71,"column":72}}]},"19":{"type":"branch","line":79,"loc":{"start":{"line":79,"column":37},"end":{"line":86,"column":5}},"locations":[{"start":{"line":79,"column":37},"end":{"line":86,"column":5}}]},"20":{"type":"branch","line":80,"loc":{"start":{"line":80,"column":31},"end":{"line":80,"column":56}},"locations":[{"start":{"line":80,"column":31},"end":{"line":80,"column":56}}]},"21":{"type":"branch","line":80,"loc":{"start":{"line":80,"column":58},"end":{"line":80,"column":72}},"locations":[{"start":{"line":80,"column":58},"end":{"line":80,"column":72}}]},"22":{"type":"branch","line":80,"loc":{"start":{"line":80,"column":65},"end":{"line":85,"column":40}},"locations":[{"start":{"line":80,"column":65},"end":{"line":85,"column":40}}]},"23":{"type":"branch","line":85,"loc":{"start":{"line":85,"column":35},"end":{"line":85,"column":46}},"locations":[{"start":{"line":85,"column":35},"end":{"line":85,"column":46}}]},"24":{"type":"branch","line":85,"loc":{"start":{"line":85,"column":40},"end":{"line":85,"column":49}},"locations":[{"start":{"line":85,"column":40},"end":{"line":85,"column":49}}]},"25":{"type":"branch","line":88,"loc":{"start":{"line":88,"column":35},"end":{"line":94,"column":5}},"locations":[{"start":{"line":88,"column":35},"end":{"line":94,"column":5}}]},"26":{"type":"branch","line":89,"loc":{"start":{"line":89,"column":31},"end":{"line":89,"column":56}},"locations":[{"start":{"line":89,"column":31},"end":{"line":89,"column":56}}]},"27":{"type":"branch","line":89,"loc":{"start":{"line":89,"column":58},"end":{"line":89,"column":67}},"locations":[{"start":{"line":89,"column":58},"end":{"line":89,"column":67}}]},"28":{"type":"branch","line":89,"loc":{"start":{"line":89,"column":65},"end":{"line":92,"column":26}},"locations":[{"start":{"line":89,"column":65},"end":{"line":92,"column":26}}]},"29":{"type":"branch","line":92,"loc":{"start":{"line":92,"column":26},"end":{"line":94,"column":5}},"locations":[{"start":{"line":92,"column":26},"end":{"line":94,"column":5}}]},"30":{"type":"branch","line":97,"loc":{"start":{"line":97,"column":4},"end":{"line":100,"column":33}},"locations":[{"start":{"line":97,"column":4},"end":{"line":100,"column":33}}]},"31":{"type":"branch","line":105,"loc":{"start":{"line":105,"column":4},"end":{"line":108,"column":37}},"locations":[{"start":{"line":105,"column":4},"end":{"line":108,"column":37}}]},"32":{"type":"branch","line":112,"loc":{"start":{"line":112,"column":41},"end":{"line":135,"column":5}},"locations":[{"start":{"line":112,"column":41},"end":{"line":135,"column":5}}]},"33":{"type":"branch","line":113,"loc":{"start":{"line":113,"column":31},"end":{"line":113,"column":56}},"locations":[{"start":{"line":113,"column":31},"end":{"line":113,"column":56}}]},"34":{"type":"branch","line":114,"loc":{"start":{"line":114,"column":6},"end":{"line":114,"column":39}},"locations":[{"start":{"line":114,"column":6},"end":{"line":114,"column":39}}]},"35":{"type":"branch","line":114,"loc":{"start":{"line":114,"column":13},"end":{"line":121,"column":26}},"locations":[{"start":{"line":114,"column":13},"end":{"line":121,"column":26}}]},"36":{"type":"branch","line":121,"loc":{"start":{"line":121,"column":26},"end":{"line":124,"column":5}},"locations":[{"start":{"line":121,"column":26},"end":{"line":124,"column":5}}]},"37":{"type":"branch","line":122,"loc":{"start":{"line":122,"column":31},"end":{"line":124,"column":5}},"locations":[{"start":{"line":122,"column":31},"end":{"line":124,"column":5}}]},"38":{"type":"branch","line":124,"loc":{"start":{"line":124,"column":4},"end":{"line":125,"column":29}},"locations":[{"start":{"line":124,"column":4},"end":{"line":125,"column":29}}]},"39":{"type":"branch","line":125,"loc":{"start":{"line":125,"column":22},"end":{"line":125,"column":61}},"locations":[{"start":{"line":125,"column":22},"end":{"line":125,"column":61}}]},"40":{"type":"branch","line":125,"loc":{"start":{"line":125,"column":61},"end":{"line":127,"column":5}},"locations":[{"start":{"line":125,"column":61},"end":{"line":127,"column":5}}]},"41":{"type":"branch","line":127,"loc":{"start":{"line":127,"column":4},"end":{"line":128,"column":26}},"locations":[{"start":{"line":127,"column":4},"end":{"line":128,"column":26}}]},"42":{"type":"branch","line":128,"loc":{"start":{"line":128,"column":20},"end":{"line":128,"column":47}},"locations":[{"start":{"line":128,"column":20},"end":{"line":128,"column":47}}]},"43":{"type":"branch","line":128,"loc":{"start":{"line":128,"column":47},"end":{"line":130,"column":5}},"locations":[{"start":{"line":128,"column":47},"end":{"line":130,"column":5}}]},"44":{"type":"branch","line":130,"loc":{"start":{"line":130,"column":4},"end":{"line":131,"column":30}},"locations":[{"start":{"line":130,"column":4},"end":{"line":131,"column":30}}]},"45":{"type":"branch","line":131,"loc":{"start":{"line":131,"column":24},"end":{"line":131,"column":47}},"locations":[{"start":{"line":131,"column":24},"end":{"line":131,"column":47}}]},"46":{"type":"branch","line":131,"loc":{"start":{"line":131,"column":47},"end":{"line":135,"column":5}},"locations":[{"start":{"line":131,"column":47},"end":{"line":135,"column":5}}]}},"b":{"0":[75],"1":[14],"2":[13],"3":[13],"4":[11],"5":[11],"6":[2],"7":[1],"8":[8],"9":[8],"10":[2],"11":[7],"12":[7],"13":[5],"14":[7],"15":[7],"16":[1],"17":[5],"18":[6],"19":[3],"20":[2],"21":[1],"22":[2],"23":[1],"24":[1],"25":[3],"26":[2],"27":[1],"28":[2],"29":[1],"30":[7],"31":[7],"32":[7],"33":[6],"34":[1],"35":[6],"36":[2],"37":[1],"38":[4],"39":[1],"40":[1],"41":[3],"42":[1],"43":[1],"44":[2],"45":[1],"46":[1]},"fnMap":{"0":{"name":"useSessionStats","decl":{"start":{"line":25,"column":7},"end":{"line":154,"column":1}},"loc":{"start":{"line":25,"column":7},"end":{"line":154,"column":1}},"line":25}},"f":{"0":75}}
,"C:\\Users\\xkami\\Desktop\\paiirz\\frontend\\src\\hooks\\useTitleNotification.ts": {"path":"C:\\Users\\xkami\\Desktop\\paiirz\\frontend\\src\\hooks\\useTitleNotification.ts","all":false,"statementMap":{"0":{"start":{"line":1,"column":0},"end":{"line":1,"column":55}},"2":{"start":{"line":3,"column":0},"end":{"line":3,"column":31}},"3":{"start":{"line":4,"column":0},"end":{"line":4,"column":47}},"5":{"start":{"line":6,"column":0},"end":{"line":6,"column":3}},"8":{"start":{"line":9,"column":0},"end":{"line":9,"column":3}},"9":{"start":{"line":10,"column":0},"end":{"line":10,"column":41}},"12":{"start":{"line":13,"column":0},"end":{"line":13,"column":50}},"14":{"start":{"line":15,"column":0},"end":{"line":15,"column":63}},"15":{"start":{"line":16,"column":0},"end":{"line":16,"column":42}},"16":{"start":{"line":17,"column":0},"end":{"line":17,"column":39}},"17":{"start":{"line":18,"column":0},"end":{"line":18,"column":41}},"18":{"start":{"line":19,"column":0},"end":{"line":19,"column":33}},"19":{"start":{"line":20,"column":0},"end":{"line":20,"column":5}},"20":{"start":{"line":21,"column":0},"end":{"line":21,"column":35}},"21":{"start":{"line":22,"column":0},"end":{"line":22,"column":9}},"23":{"start":{"line":24,"column":0},"end":{"line":24,"column":19}},"24":{"start":{"line":25,"column":0},"end":{"line":25,"column":45}},"25":{"start":{"line":26,"column":0},"end":{"line":26,"column":50}},"26":{"start":{"line":27,"column":0},"end":{"line":27,"column":18}},"27":{"start":{"line":28,"column":0},"end":{"line":28,"column":55}},"28":{"start":{"line":29,"column":0},"end":{"line":29,"column":21}},"29":{"start":{"line":30,"column":0},"end":{"line":30,"column":6}},"30":{"start":{"line":31,"column":0},"end":{"line":31,"column":21}},"32":{"start":{"line":33,"column":0},"end":{"line":33,"column":54}},"33":{"start":{"line":34,"column":0},"end":{"line":34,"column":36}},"34":{"start":{"line":35,"column":0},"end":{"line":35,"column":65}},"36":{"start":{"line":37,"column":0},"end":{"line":37,"column":25}},"37":{"start":{"line":38,"column":0},"end":{"line":38,"column":52}},"38":{"start":{"line":39,"column":0},"end":{"line":39,"column":70}},"39":{"start":{"line":40,"column":0},"end":{"line":40,"column":29}},"40":{"start":{"line":41,"column":0},"end":{"line":41,"column":13}},"41":{"start":{"line":42,"column":0},"end":{"line":42,"column":9}},"43":{"start":{"line":44,"column":0},"end":{"line":44,"column":38}},"44":{"start":{"line":45,"column":0},"end":{"line":45,"column":1}}},"s":{"0":1,"2":1,"3":1,"5":1,"8":1,"9":1,"12":6,"14":6,"15":6,"16":7,"17":5,"18":5,"19":5,"20":7,"21":6,"23":6,"24":6,"25":6,"26":6,"27":6,"28":6,"29":6,"30":6,"32":6,"33":7,"34":7,"36":5,"37":5,"38":7,"39":7,"40":5,"41":6,"43":6,"44":6},"branchMap":{"0":{"type":"branch","line":10,"loc":{"start":{"line":10,"column":7},"end":{"line":45,"column":1}},"locations":[{"start":{"line":10,"column":7},"end":{"line":45,"column":1}}]},"1":{"type":"branch","line":16,"loc":{"start":{"line":16,"column":35},"end":{"line":22,"column":5}},"locations":[{"start":{"line":16,"column":35},"end":{"line":22,"column":5}}]},"2":{"type":"branch","line":17,"loc":{"start":{"line":17,"column":38},"end":{"line":20,"column":5}},"locations":[{"start":{"line":17,"column":38},"end":{"line":20,"column":5}}]},"3":{"type":"branch","line":24,"loc":{"start":{"line":24,"column":12},"end":{"line":31,"column":5}},"locations":[{"start":{"line":24,"column":12},"end":{"line":31,"column":5}}]},"4":{"type":"branch","line":25,"loc":{"start":{"line":25,"column":24},"end":{"line":25,"column":45}},"locations":[{"start":{"line":25,"column":24},"end":{"line":25,"column":45}}]},"5":{"type":"branch","line":27,"loc":{"start":{"line":27,"column":11},"end":{"line":30,"column":6}},"locations":[{"start":{"line":27,"column":11},"end":{"line":30,"column":6}}]},"6":{"type":"branch","line":33,"loc":{"start":{"line":33,"column":47},"end":{"line":42,"column":5}},"locations":[{"start":{"line":33,"column":47},"end":{"line":42,"column":5}}]},"7":{"type":"branch","line":34,"loc":{"start":{"line":34,"column":29},"end":{"line":34,"column":36}},"locations":[{"start":{"line":34,"column":29},"end":{"line":34,"column":36}}]},"8":{"type":"branch","line":34,"loc":{"start":{"line":34,"column":29},"end":{"line":35,"column":38}},"locations":[{"start":{"line":34,"column":29},"end":{"line":35,"column":38}}]},"9":{"type":"branch","line":35,"loc":{"start":{"line":35,"column":38},"end":{"line":35,"column":46}},"locations":[{"start":{"line":35,"column":38},"end":{"line":35,"column":46}}]},"10":{"type":"branch","line":35,"loc":{"start":{"line":35,"column":38},"end":{"line":42,"column":5}},"locations":[{"start":{"line":35,"column":38},"end":{"line":42,"column":5}}]},"11":{"type":"branch","line":38,"loc":{"start":{"line":38,"column":45},"end":{"line":41,"column":7}},"locations":[{"start":{"line":38,"column":45},"end":{"line":41,"column":7}}]},"12":{"type":"branch","line":39,"loc":{"start":{"line":39,"column":23},"end":{"line":39,"column":56}},"locations":[{"start":{"line":39,"column":23},"end":{"line":39,"column":56}}]},"13":{"type":"branch","line":39,"loc":{"start":{"line":39,"column":35},"end":{"line":39,"column":70}},"locations":[{"start":{"line":39,"column":35},"end":{"line":39,"column":70}}]}},"b":{"0":[6],"1":[7],"2":[5],"3":[6],"4":[1],"5":[6],"6":[7],"7":[1],"8":[6],"9":[1],"10":[5],"11":[7],"12":[6],"13":[1]},"fnMap":{"0":{"name":"useTitleNotification","decl":{"start":{"line":10,"column":7},"end":{"line":45,"column":1}},"loc":{"start":{"line":10,"column":7},"end":{"line":45,"column":1}},"line":10},"1":{"name":"handleFocus","decl":{"start":{"line":25,"column":24},"end":{"line":25,"column":45}},"loc":{"start":{"line":25,"column":24},"end":{"line":25,"column":45}},"line":25}},"f":{"0":6,"1":1}}
,"C:\\Users\\xkami\\Desktop\\paiirz\\frontend\\src\\utils\\crypto.ts": {"path":"C:\\Users\\xkami\\Desktop\\paiirz\\frontend\\src\\utils\\crypto.ts","all":false,"statementMap":{"0":{"start":{"line":1,"column":0},"end":{"line":1,"column":3}},"14":{"start":{"line":15,"column":0},"end":{"line":15,"column":3}},"16":{"start":{"line":17,"column":0},"end":{"line":17,"column":80}},"17":{"start":{"line":18,"column":0},"end":{"line":18,"column":73}},"19":{"start":{"line":20,"column":0},"end":{"line":20,"column":40}},"20":{"start":{"line":21,"column":0},"end":{"line":21,"column":36}},"23":{"start":{"line":24,"column":0},"end":{"line":24,"column":80}},"25":{"start":{"line":26,"column":0},"end":{"line":26,"column":3}},"28":{"start":{"line":29,"column":0},"end":{"line":29,"column":3}},"29":{"start":{"line":30,"column":0},"end":{"line":30,"column":65}},"30":{"start":{"line":31,"column":0},"end":{"line":31,"column":35}},"31":{"start":{"line":32,"column":0},"end":{"line":32,"column":42}},"32":{"start":{"line":33,"column":0},"end":{"line":33,"column":44}},"33":{"start":{"line":34,"column":0},"end":{"line":34,"column":31}},"35":{"start":{"line":36,"column":0},"end":{"line":36,"column":1}},"37":{"start":{"line":38,"column":0},"end":{"line":38,"column":80}},"39":{"start":{"line":40,"column":0},"end":{"line":40,"column":3}},"42":{"start":{"line":43,"column":0},"end":{"line":43,"column":3}},"43":{"start":{"line":44,"column":0},"end":{"line":44,"column":78}},"44":{"start":{"line":45,"column":0},"end":{"line":45,"column":62}},"45":{"start":{"line":46,"column":0},"end":{"line":46,"column":34}},"46":{"start":{"line":47,"column":0},"end":{"line":47,"column":1}},"48":{"start":{"line":49,"column":0},"end":{"line":49,"column":3}},"50":{"start":{"line":51,"column":0},"end":{"line":51,"column":3}},"51":{"start":{"line":52,"column":0},"end":{"line":52,"column":75}},"52":{"start":{"line":53,"column":0},"end":{"line":53,"column":42}},"53":{"start":{"line":54,"column":0},"end":{"line":54,"column":33}},"54":{"start":{"line":55,"column":0},"end":{"line":55,"column":10}},"55":{"start":{"line":56,"column":0},"end":{"line":56,"column":8}},"56":{"start":{"line":57,"column":0},"end":{"line":57,"column":42}},"57":{"start":{"line":58,"column":0},"end":{"line":58,"column":10}},"58":{"start":{"line":59,"column":0},"end":{"line":59,"column":6}},"60":{"start":{"line":61,"column":0},"end":{"line":61,"column":1}},"62":{"start":{"line":63,"column":0},"end":{"line":63,"column":81}},"64":{"start":{"line":65,"column":0},"end":{"line":65,"column":3}},"69":{"start":{"line":70,"column":0},"end":{"line":70,"column":3}},"70":{"start":{"line":71,"column":0},"end":{"line":71,"column":38}},"71":{"start":{"line":72,"column":0},"end":{"line":72,"column":26}},"72":{"start":{"line":73,"column":0},"end":{"line":73,"column":27}},"74":{"start":{"line":75,"column":0},"end":{"line":75,"column":57}},"75":{"start":{"line":76,"column":0},"end":{"line":76,"column":49}},"76":{"start":{"line":77,"column":0},"end":{"line":77,"column":45}},"77":{"start":{"line":78,"column":0},"end":{"line":78,"column":17}},"78":{"start":{"line":79,"column":0},"end":{"line":79,"column":7}},"81":{"start":{"line":82,"column":0},"end":{"line":82,"column":49}},"82":{"start":{"line":83,"column":0},"end":{"line":83,"column":52}},"83":{"start":{"line":84,"column":0},"end":{"line":84,"column":10}},"84":{"start":{"line":85,"column":0},"end":{"line":85,"column":12}},"85":{"start":{"line":86,"column":0},"end":{"line":86,"column":21}},"86":{"start":{"line":87,"column":0},"end":{"line":87,"column":10}},"87":{"start":{"line":88,"column":0},"end":{"line":88,"column":17}},"90":{"start":{"line":91,"column":0},"end":{"line":91,"column":85}},"91":{"start":{"line":92,"column":0},"end":{"line":92,"column":36}},"92":{"start":{"line":93,"column":0},"end":{"line":93,"column":33}},"93":{"start":{"line":94,"column":0},"end":{"line":94,"column":5}},"94":{"start":{"line":95,"column":0},"end":{"line":95,"column":19}},"95":{"start":{"line":96,"column":0},"end":{"line":96,"column":22}},"96":{"start":{"line":97,"column":0},"end":{"line":97,"column":38}},"97":{"start":{"line":98,"column":0},"end":{"line":98,"column":38}},"98":{"start":{"line":99,"column":0},"end":{"line":99,"column":6}},"99":{"start":{"line":100,"column":0},"end":{"line":100,"column":16}},"100":{"start":{"line":101,"column":0},"end":{"line":101,"column":37}},"101":{"start":{"line":102,"column":0},"end":{"line":102,"column":10}},"102":{"start":{"line":103,"column":0},"end":{"line":103,"column":26}},"104":{"start":{"line":105,"column":0},"end":{"line":105,"column":1}},"115":{"start":{"line":116,"column":0},"end":{"line":116,"column":3}},"118":{"start":{"line":119,"column":0},"end":{"line":119,"column":3}},"119":{"start":{"line":120,"column":0},"end":{"line":120,"column":30}},"120":{"start":{"line":121,"column":0},"end":{"line":121,"column":23}},"121":{"start":{"line":122,"column":0},"end":{"line":122,"column":19}},"123":{"start":{"line":124,"column":0},"end":{"line":124,"column":56}},"124":{"start":{"line":125,"column":0},"end":{"line":125,"column":54}},"125":{"start":{"line":126,"column":0},"end":{"line":126,"column":49}},"126":{"start":{"line":127,"column":0},"end":{"line":127,"column":28}},"127":{"start":{"line":128,"column":0},"end":{"line":128,"column":14}},"128":{"start":{"line":129,"column":0},"end":{"line":129,"column":11}},"130":{"start":{"line":131,"column":0},"end":{"line":131,"column":10}},"131":{"start":{"line":132,"column":0},"end":{"line":132,"column":40}},"132":{"start":{"line":133,"column":0},"end":{"line":133,"column":32}},"133":{"start":{"line":134,"column":0},"end":{"line":134,"column":4}},"134":{"start":{"line":135,"column":0},"end":{"line":135,"column":1}},"136":{"start":{"line":137,"column":0},"end":{"line":137,"column":3}},"139":{"start":{"line":140,"column":0},"end":{"line":140,"column":3}},"140":{"start":{"line":141,"column":0},"end":{"line":141,"column":30}},"141":{"start":{"line":142,"column":0},"end":{"line":142,"column":23}},"142":{"start":{"line":143,"column":0},"end":{"line":143,"column":27}},"144":{"start":{"line":145,"column":0},"end":{"line":145,"column":45}},"145":{"start":{"line":146,"column":0},"end":{"line":146,"column":45}},"146":{"start":{"line":147,"column":0},"end":{"line":147,"column":50}},"147":{"start":{"line":148,"column":0},"end":{"line":148,"column":28}},"148":{"start":{"line":149,"column":0},"end":{"line":149,"column":14}},"149":{"start":{"line":150,"column":0},"end":{"line":150,"column":6}},"151":{"start":{"line":152,"column":0},"end":{"line":152,"column":47}},"152":{"start":{"line":153,"column":0},"end":{"line":153,"column":1}},"154":{"start":{"line":155,"column":0},"end":{"line":155,"column":80}},"156":{"start":{"line":157,"column":0},"end":{"line":157,"column":3}},"159":{"start":{"line":160,"column":0},"end":{"line":160,"column":3}},"160":{"start":{"line":161,"column":0},"end":{"line":161,"column":36}},"161":{"start":{"line":162,"column":0},"end":{"line":162,"column":23}},"162":{"start":{"line":163,"column":0},"end":{"line":163,"column":23}},"164":{"start":{"line":165,"column":0},"end":{"line":165,"column":43}},"165":{"start":{"line":166,"column":0},"end":{"line":166,"column":1}},"167":{"start":{"line":168,"column":0},"end":{"line":168,"column":3}},"169":{"start":{"line":170,"column":0},"end":{"line":170,"column":3}},"170":{"start":{"line":171,"column":0},"end":{"line":171,"column":36}},"171":{"start":{"line":172,"column":0},"end":{"line":172,"column":23}},"172":{"start":{"line":173,"column":0},"end":{"line":173,"column":27}},"174":{"start":{"line":175,"column":0},"end":{"line":175,"column":37}},"175":{"start":{"line":176,"column":0},"end":{"line":176,"column":1}},"177":{"start":{"line":178,"column":0},"end":{"line":178,"column":81}},"179":{"start":{"line":180,"column":0},"end":{"line":180,"column":59}},"180":{"start":{"line":181,"column":0},"end":{"line":181,"column":39}},"181":{"start":{"line":182,"column":0},"end":{"line":182,"column":18}},"182":{"start":{"line":183,"column":0},"end":{"line":183,"column":46}},"183":{"start":{"line":184,"column":0},"end":{"line":184,"column":44}},"184":{"start":{"line":185,"column":0},"end":{"line":185,"column":3}},"185":{"start":{"line":186,"column":0},"end":{"line":186,"column":22}},"186":{"start":{"line":187,"column":0},"end":{"line":187,"column":1}},"188":{"start":{"line":189,"column":0},"end":{"line":189,"column":59}},"189":{"start":{"line":190,"column":0},"end":{"line":190,"column":30}},"190":{"start":{"line":191,"column":0},"end":{"line":191,"column":46}},"191":{"start":{"line":192,"column":0},"end":{"line":192,"column":43}},"192":{"start":{"line":193,"column":0},"end":{"line":193,"column":36}},"193":{"start":{"line":194,"column":0},"end":{"line":194,"column":3}},"194":{"start":{"line":195,"column":0},"end":{"line":195,"column":22}},"195":{"start":{"line":196,"column":0},"end":{"line":196,"column":1}}},"s":{"0":1,"14":1,"16":1,"17":1,"19":1,"20":1,"23":1,"25":1,"28":1,"29":1,"30":21,"31":21,"32":21,"33":21,"35":21,"37":1,"39":1,"42":1,"43":1,"44":2,"45":2,"46":2,"48":1,"50":1,"51":1,"52":1,"53":1,"54":1,"55":1,"56":1,"57":1,"58":1,"60":1,"62":1,"64":1,"69":1,"70":1,"71":9,"72":9,"74":9,"75":9,"76":9,"77":9,"78":9,"81":9,"82":9,"83":9,"84":9,"85":9,"86":9,"87":9,"90":9,"91":9,"92":9,"93":9,"94":9,"95":9,"96":9,"97":9,"98":9,"99":9,"100":9,"101":9,"102":9,"104":9,"115":1,"118":1,"119":1,"120":8,"121":8,"123":8,"124":8,"125":8,"126":8,"127":8,"128":8,"130":8,"131":8,"132":8,"133":8,"134":8,"136":1,"139":1,"140":1,"141":4,"142":4,"144":4,"145":4,"146":4,"147":4,"148":4,"149":4,"151":4,"152":4,"154":1,"156":1,"159":1,"160":1,"161":1,"162":1,"164":1,"165":1,"167":1,"169":1,"170":1,"171":1,"172":1,"174":1,"175":1,"177":1,"179":18,"180":18,"181":18,"182":18,"183":565,"184":565,"185":18,"186":18,"188":9,"189":9,"190":9,"191":9,"192":356,"193":356,"194":9,"195":9},"branchMap":{"0":{"type":"branch","line":30,"loc":{"start":{"line":30,"column":7},"end":{"line":36,"column":1}},"locations":[{"start":{"line":30,"column":7},"end":{"line":36,"column":1}}]},"1":{"type":"branch","line":44,"loc":{"start":{"line":44,"column":7},"end":{"line":47,"column":1}},"locations":[{"start":{"line":44,"column":7},"end":{"line":47,"column":1}}]},"2":{"type":"branch","line":52,"loc":{"start":{"line":52,"column":7},"end":{"line":61,"column":1}},"locations":[{"start":{"line":52,"column":7},"end":{"line":61,"column":1}}]},"3":{"type":"branch","line":71,"loc":{"start":{"line":71,"column":7},"end":{"line":105,"column":1}},"locations":[{"start":{"line":71,"column":7},"end":{"line":105,"column":1}}]},"4":{"type":"branch","line":120,"loc":{"start":{"line":120,"column":7},"end":{"line":135,"column":1}},"locations":[{"start":{"line":120,"column":7},"end":{"line":135,"column":1}}]},"5":{"type":"branch","line":141,"loc":{"start":{"line":141,"column":7},"end":{"line":153,"column":1}},"locations":[{"start":{"line":141,"column":7},"end":{"line":153,"column":1}}]},"6":{"type":"branch","line":161,"loc":{"start":{"line":161,"column":7},"end":{"line":166,"column":1}},"locations":[{"start":{"line":161,"column":7},"end":{"line":166,"column":1}}]},"7":{"type":"branch","line":171,"loc":{"start":{"line":171,"column":7},"end":{"line":176,"column":1}},"locations":[{"start":{"line":171,"column":7},"end":{"line":176,"column":1}}]},"8":{"type":"branch","line":180,"loc":{"start":{"line":180,"column":0},"end":{"line":187,"column":1}},"locations":[{"start":{"line":180,"column":0},"end":{"line":187,"column":1}}]},"9":{"type":"branch","line":183,"loc":{"start":{"line":183,"column":45},"end":{"line":185,"column":3}},"locations":[{"start":{"line":183,"column":45},"end":{"line":185,"column":3}}]},"10":{"type":"branch","line":189,"loc":{"start":{"line":189,"column":0},"end":{"line":196,"column":1}},"locations":[{"start":{"line":189,"column":0},"end":{"line":196,"column":1}}]},"11":{"type":"branch","line":192,"loc":{"start":{"line":192,"column":42},"end":{"line":194,"column":3}},"locations":[{"start":{"line":192,"column":42},"end":{"line":194,"column":3}}]}},"b":{"0":[21],"1":[2],"2":[1],"3":[9],"4":[8],"5":[4],"6":[1],"7":[1],"8":[18],"9":[565],"10":[9],"11":[356]},"fnMap":{"0":{"name":"generateKeyPair","decl":{"start":{"line":30,"column":7},"end":{"line":36,"column":1}},"loc":{"start":{"line":30,"column":7},"end":{"line":36,"column":1}},"line":30},"1":{"name":"exportPublicKey","decl":{"start":{"line":44,"column":7},"end":{"line":47,"column":1}},"loc":{"start":{"line":44,"column":7},"end":{"line":47,"column":1}},"line":44},"2":{"name":"importPublicKey","decl":{"start":{"line":52,"column":7},"end":{"line":61,"column":1}},"loc":{"start":{"line":52,"column":7},"end":{"line":61,"column":1}},"line":52},"3":{"name":"deriveSharedKey","decl":{"start":{"line":71,"column":7},"end":{"line":105,"column":1}},"loc":{"start":{"line":71,"column":7},"end":{"line":105,"column":1}},"line":71},"4":{"name":"encrypt","decl":{"start":{"line":120,"column":7},"end":{"line":135,"column":1}},"loc":{"start":{"line":120,"column":7},"end":{"line":135,"column":1}},"line":120},"5":{"name":"decrypt","decl":{"start":{"line":141,"column":7},"end":{"line":153,"column":1}},"loc":{"start":{"line":141,"column":7},"end":{"line":153,"column":1}},"line":141},"6":{"name":"encryptBinary","decl":{"start":{"line":161,"column":7},"end":{"line":166,"column":1}},"loc":{"start":{"line":161,"column":7},"end":{"line":166,"column":1}},"line":161},"7":{"name":"decryptBinary","decl":{"start":{"line":171,"column":7},"end":{"line":176,"column":1}},"loc":{"start":{"line":171,"column":7},"end":{"line":176,"column":1}},"line":171},"8":{"name":"arrayBufferToBase64","decl":{"start":{"line":180,"column":0},"end":{"line":187,"column":1}},"loc":{"start":{"line":180,"column":0},"end":{"line":187,"column":1}},"line":180},"9":{"name":"base64ToArrayBuffer","decl":{"start":{"line":189,"column":0},"end":{"line":196,"column":1}},"loc":{"start":{"line":189,"column":0},"end":{"line":196,"column":1}},"line":189}},"f":{"0":21,"1":2,"2":1,"3":9,"4":8,"5":4,"6":1,"7":1,"8":18,"9":9}}
,"C:\\Users\\xkami\\Desktop\\paiirz\\frontend\\src\\utils\\roomCode.ts": {"path":"C:\\Users\\xkami\\Desktop\\paiirz\\frontend\\src\\utils\\roomCode.ts","all":false,"statementMap":{"0":{"start":{"line":1,"column":0},"end":{"line":1,"column":74}},"1":{"start":{"line":2,"column":0},"end":{"line":2,"column":59}},"2":{"start":{"line":3,"column":0},"end":{"line":3,"column":27}},"4":{"start":{"line":5,"column":0},"end":{"line":5,"column":3}},"7":{"start":{"line":8,"column":0},"end":{"line":8,"column":3}},"8":{"start":{"line":9,"column":0},"end":{"line":9,"column":44}},"9":{"start":{"line":10,"column":0},"end":{"line":10,"column":77}},"10":{"start":{"line":11,"column":0},"end":{"line":11,"column":60}},"11":{"start":{"line":12,"column":0},"end":{"line":12,"column":14}},"12":{"start":{"line":13,"column":0},"end":{"line":13,"column":1}},"14":{"start":{"line":15,"column":0},"end":{"line":15,"column":3}},"19":{"start":{"line":20,"column":0},"end":{"line":20,"column":3}},"20":{"start":{"line":21,"column":0},"end":{"line":21,"column":57}},"21":{"start":{"line":22,"column":0},"end":{"line":22,"column":46}},"22":{"start":{"line":23,"column":0},"end":{"line":23,"column":64}},"23":{"start":{"line":24,"column":0},"end":{"line":24,"column":35}},"24":{"start":{"line":25,"column":0},"end":{"line":25,"column":1}}},"s":{"0":1,"1":1,"2":1,"4":1,"7":1,"8":1,"9":151,"10":151,"11":151,"12":151,"14":1,"19":1,"20":1,"21":8,"22":8,"23":4,"24":4},"branchMap":{"0":{"type":"branch","line":9,"loc":{"start":{"line":9,"column":7},"end":{"line":13,"column":1}},"locations":[{"start":{"line":9,"column":7},"end":{"line":13,"column":1}}]},"1":{"type":"branch","line":11,"loc":{"start":{"line":11,"column":9},"end":{"line":11,"column":59}},"locations":[{"start":{"line":11,"column":9},"end":{"line":11,"column":59}}]},"2":{"type":"branch","line":21,"loc":{"start":{"line":21,"column":7},"end":{"line":25,"column":1}},"locations":[{"start":{"line":21,"column":7},"end":{"line":25,"column":1}}]},"3":{"type":"branch","line":22,"loc":{"start":{"line":22,"column":19},"end":{"line":22,"column":46}},"locations":[{"start":{"line":22,"column":19},"end":{"line":22,"column":46}}]},"4":{"type":"branch","line":22,"loc":{"start":{"line":22,"column":26},"end":{"line":23,"column":19}},"locations":[{"start":{"line":22,"column":26},"end":{"line":23,"column":19}}]},"5":{"type":"branch","line":23,"loc":{"start":{"line":23,"column":14},"end":{"line":23,"column":30}},"locations":[{"start":{"line":23,"column":14},"end":{"line":23,"column":30}}]},"6":{"type":"branch","line":23,"loc":{"start":{"line":23,"column":30},"end":{"line":23,"column":64}},"locations":[{"start":{"line":23,"column":30},"end":{"line":23,"column":64}}]},"7":{"type":"branch","line":23,"loc":{"start":{"line":23,"column":63},"end":{"line":25,"column":1}},"locations":[{"start":{"line":23,"column":63},"end":{"line":25,"column":1}}]}},"b":{"0":[151],"1":[906],"2":[8],"3":[1],"4":[7],"5":[6],"6":[3],"7":[4]},"fnMap":{"0":{"name":"generateRoomCode","decl":{"start":{"line":9,"column":7},"end":{"line":13,"column":1}},"loc":{"start":{"line":9,"column":7},"end":{"line":13,"column":1}},"line":9},"1":{"name":"getUserCountText","decl":{"start":{"line":21,"column":7},"end":{"line":25,"column":1}},"loc":{"start":{"line":21,"column":7},"end":{"line":25,"column":1}},"line":21}},"f":{"0":151,"1":8}}
,"C:\\Users\\xkami\\Desktop\\paiirz\\frontend\\src\\utils\\sound.ts": {"path":"C:\\Users\\xkami\\Desktop\\paiirz\\frontend\\src\\utils\\sound.ts","all":false,"statementMap":{"0":{"start":{"line":1,"column":0},"end":{"line":1,"column":3}},"5":{"start":{"line":6,"column":0},"end":{"line":6,"column":3}},"18":{"start":{"line":19,"column":0},"end":{"line":19,"column":46}},"19":{"start":{"line":20,"column":0},"end":{"line":20,"column":63}},"20":{"start":{"line":21,"column":0},"end":{"line":21,"column":54}},"21":{"start":{"line":22,"column":0},"end":{"line":22,"column":10}},"22":{"start":{"line":23,"column":0},"end":{"line":23,"column":26}},"23":{"start":{"line":24,"column":0},"end":{"line":24,"column":66}},"24":{"start":{"line":25,"column":0},"end":{"line":25,"column":25}},"26":{"start":{"line":27,"column":0},"end":{"line":27,"column":1}},"28":{"start":{"line":29,"column":0},"end":{"line":29,"column":3}},"31":{"start":{"line":32,"column":0},"end":{"line":32,"column":3}},"32":{"start":{"line":33,"column":0},"end":{"line":33,"column":38}},"33":{"start":{"line":34,"column":0},"end":{"line":34,"column":18}},"34":{"start":{"line":35,"column":0},"end":{"line":35,"column":24}},"36":{"start":{"line":37,"column":0},"end":{"line":37,"column":29}},"38":{"start":{"line":39,"column":0},"end":{"line":39,"column":51}},"39":{"start":{"line":40,"column":0},"end":{"line":40,"column":33}},"41":{"start":{"line":42,"column":0},"end":{"line":42,"column":7}},"42":{"start":{"line":43,"column":0},"end":{"line":43,"column":40}},"44":{"start":{"line":45,"column":0},"end":{"line":45,"column":19}},"45":{"start":{"line":46,"column":0},"end":{"line":46,"column":20}},"46":{"start":{"line":47,"column":0},"end":{"line":47,"column":43}},"47":{"start":{"line":48,"column":0},"end":{"line":48,"column":38}},"48":{"start":{"line":49,"column":0},"end":{"line":49,"column":26}},"49":{"start":{"line":50,"column":0},"end":{"line":50,"column":59}},"50":{"start":{"line":51,"column":0},"end":{"line":51,"column":80}},"51":{"start":{"line":52,"column":0},"end":{"line":52,"column":56}},"52":{"start":{"line":53,"column":0},"end":{"line":53,"column":78}},"53":{"start":{"line":54,"column":0},"end":{"line":54,"column":26}},"54":{"start":{"line":55,"column":0},"end":{"line":55,"column":38}},"55":{"start":{"line":56,"column":0},"end":{"line":56,"column":20}},"56":{"start":{"line":57,"column":0},"end":{"line":57,"column":41}},"57":{"start":{"line":58,"column":0},"end":{"line":58,"column":14}},"58":{"start":{"line":59,"column":0},"end":{"line":59,"column":7}},"60":{"start":{"line":61,"column":0},"end":{"line":61,"column":23}},"61":{"start":{"line":62,"column":0},"end":{"line":62,"column":44}},"62":{"start":{"line":63,"column":0},"end":{"line":63,"column":39}},"63":{"start":{"line":64,"column":0},"end":{"line":64,"column":27}},"64":{"start":{"line":65,"column":0},"end":{"line":65,"column":69}},"65":{"start":{"line":66,"column":0},"end":{"line":66,"column":57}},"66":{"start":{"line":67,"column":0},"end":{"line":67,"column":79}},"67":{"start":{"line":68,"column":0},"end":{"line":68,"column":28}},"68":{"start":{"line":69,"column":0},"end":{"line":69,"column":39}},"69":{"start":{"line":70,"column":0},"end":{"line":70,"column":21}},"70":{"start":{"line":71,"column":0},"end":{"line":71,"column":42}},"72":{"start":{"line":73,"column":0},"end":{"line":73,"column":26}},"73":{"start":{"line":74,"column":0},"end":{"line":74,"column":45}},"74":{"start":{"line":75,"column":0},"end":{"line":75,"column":46}},"75":{"start":{"line":76,"column":0},"end":{"line":76,"column":41}},"76":{"start":{"line":77,"column":0},"end":{"line":77,"column":29}},"77":{"start":{"line":78,"column":0},"end":{"line":78,"column":71}},"78":{"start":{"line":79,"column":0},"end":{"line":79,"column":59}},"79":{"start":{"line":80,"column":0},"end":{"line":80,"column":80}},"80":{"start":{"line":81,"column":0},"end":{"line":81,"column":30}},"81":{"start":{"line":82,"column":0},"end":{"line":82,"column":41}},"82":{"start":{"line":83,"column":0},"end":{"line":83,"column":23}},"83":{"start":{"line":84,"column":0},"end":{"line":84,"column":43}},"84":{"start":{"line":85,"column":0},"end":{"line":85,"column":15}},"85":{"start":{"line":86,"column":0},"end":{"line":86,"column":14}},"86":{"start":{"line":87,"column":0},"end":{"line":87,"column":7}},"88":{"start":{"line":89,"column":0},"end":{"line":89,"column":21}},"89":{"start":{"line":90,"column":0},"end":{"line":90,"column":54}},"90":{"start":{"line":91,"column":0},"end":{"line":91,"column":37}},"91":{"start":{"line":92,"column":0},"end":{"line":92,"column":28}},"92":{"start":{"line":93,"column":0},"end":{"line":93,"column":47}},"93":{"start":{"line":94,"column":0},"end":{"line":94,"column":47}},"94":{"start":{"line":95,"column":0},"end":{"line":95,"column":42}},"95":{"start":{"line":96,"column":0},"end":{"line":96,"column":34}},"96":{"start":{"line":97,"column":0},"end":{"line":97,"column":61}},"97":{"start":{"line":98,"column":0},"end":{"line":98,"column":60}},"98":{"start":{"line":99,"column":0},"end":{"line":99,"column":81}},"99":{"start":{"line":100,"column":0},"end":{"line":100,"column":30}},"100":{"start":{"line":101,"column":0},"end":{"line":101,"column":42}},"101":{"start":{"line":102,"column":0},"end":{"line":102,"column":24}},"102":{"start":{"line":103,"column":0},"end":{"line":103,"column":44}},"103":{"start":{"line":104,"column":0},"end":{"line":104,"column":25}},"104":{"start":{"line":105,"column":0},"end":{"line":105,"column":11}},"105":{"start":{"line":106,"column":0},"end":{"line":106,"column":14}},"106":{"start":{"line":107,"column":0},"end":{"line":107,"column":7}},"108":{"start":{"line":109,"column":0},"end":{"line":109,"column":21}},"109":{"start":{"line":110,"column":0},"end":{"line":110,"column":38}},"110":{"start":{"line":111,"column":0},"end":{"line":111,"column":37}},"111":{"start":{"line":112,"column":0},"end":{"line":112,"column":28}},"112":{"start":{"line":113,"column":0},"end":{"line":113,"column":47}},"113":{"start":{"line":114,"column":0},"end":{"line":114,"column":47}},"114":{"start":{"line":115,"column":0},"end":{"line":115,"column":42}},"115":{"start":{"line":116,"column":0},"end":{"line":116,"column":34}},"116":{"start":{"line":117,"column":0},"end":{"line":117,"column":61}},"117":{"start":{"line":118,"column":0},"end":{"line":118,"column":60}},"118":{"start":{"line":119,"column":0},"end":{"line":119,"column":82}},"119":{"start":{"line":120,"column":0},"end":{"line":120,"column":30}},"120":{"start":{"line":121,"column":0},"end":{"line":121,"column":42}},"121":{"start":{"line":122,"column":0},"end":{"line":122,"column":24}},"122":{"start":{"line":123,"column":0},"end":{"line":123,"column":45}},"123":{"start":{"line":124,"column":0},"end":{"line":124,"column":26}},"124":{"start":{"line":125,"column":0},"end":{"line":125,"column":11}},"125":{"start":{"line":126,"column":0},"end":{"line":126,"column":14}},"126":{"start":{"line":127,"column":0},"end":{"line":127,"column":7}},"128":{"start":{"line":129,"column":0},"end":{"line":129,"column":22}},"129":{"start":{"line":130,"column":0},"end":{"line":130,"column":43}},"130":{"start":{"line":131,"column":0},"end":{"line":131,"column":38}},"131":{"start":{"line":132,"column":0},"end":{"line":132,"column":26}},"132":{"start":{"line":133,"column":0},"end":{"line":133,"column":61}},"133":{"start":{"line":134,"column":0},"end":{"line":134,"column":70}},"134":{"start":{"line":135,"column":0},"end":{"line":135,"column":55}},"135":{"start":{"line":136,"column":0},"end":{"line":136,"column":78}},"136":{"start":{"line":137,"column":0},"end":{"line":137,"column":26}},"137":{"start":{"line":138,"column":0},"end":{"line":138,"column":38}},"138":{"start":{"line":139,"column":0},"end":{"line":139,"column":20}},"139":{"start":{"line":140,"column":0},"end":{"line":140,"column":41}},"140":{"start":{"line":141,"column":0},"end":{"line":141,"column":14}},"141":{"start":{"line":142,"column":0},"end":{"line":142,"column":7}},"143":{"start":{"line":144,"column":0},"end":{"line":144,"column":26}},"144":{"start":{"line":145,"column":0},"end":{"line":145,"column":43}},"145":{"start":{"line":146,"column":0},"end":{"line":146,"column":38}},"146":{"start":{"line":147,"column":0},"end":{"line":147,"column":28}},"147":{"start":{"line":148,"column":0},"end":{"line":148,"column":62}},"148":{"start":{"line":149,"column":0},"end":{"line":149,"column":69}},"149":{"start":{"line":150,"column":0},"end":{"line":150,"column":69}},"150":{"start":{"line":151,"column":0},"end":{"line":151,"column":56}},"151":{"start":{"line":152,"column":0},"end":{"line":152,"column":78}},"152":{"start":{"line":153,"column":0},"end":{"line":153,"column":26}},"153":{"start":{"line":154,"column":0},"end":{"line":154,"column":38}},"154":{"start":{"line":155,"column":0},"end":{"line":155,"column":20}},"155":{"start":{"line":156,"column":0},"end":{"line":156,"column":41}},"156":{"start":{"line":157,"column":0},"end":{"line":157,"column":14}},"157":{"start":{"line":158,"column":0},"end":{"line":158,"column":7}},"159":{"start":{"line":160,"column":0},"end":{"line":160,"column":21}},"160":{"start":{"line":161,"column":0},"end":{"line":161,"column":43}},"161":{"start":{"line":162,"column":0},"end":{"line":162,"column":38}},"162":{"start":{"line":163,"column":0},"end":{"line":163,"column":30}},"163":{"start":{"line":164,"column":0},"end":{"line":164,"column":61}},"164":{"start":{"line":165,"column":0},"end":{"line":165,"column":56}},"165":{"start":{"line":166,"column":0},"end":{"line":166,"column":77}},"166":{"start":{"line":167,"column":0},"end":{"line":167,"column":26}},"167":{"start":{"line":168,"column":0},"end":{"line":168,"column":38}},"168":{"start":{"line":169,"column":0},"end":{"line":169,"column":20}},"169":{"start":{"line":170,"column":0},"end":{"line":170,"column":40}},"170":{"start":{"line":171,"column":0},"end":{"line":171,"column":14}},"171":{"start":{"line":172,"column":0},"end":{"line":172,"column":7}},"172":{"start":{"line":173,"column":0},"end":{"line":173,"column":5}},"173":{"start":{"line":174,"column":0},"end":{"line":174,"column":19}},"174":{"start":{"line":175,"column":0},"end":{"line":175,"column":50}},"175":{"start":{"line":176,"column":0},"end":{"line":176,"column":3}},"176":{"start":{"line":177,"column":0},"end":{"line":177,"column":1}}},"s":{"0":1,"5":1,"18":1,"19":14,"20":14,"21":13,"22":13,"23":2,"24":2,"26":14,"28":1,"31":1,"32":1,"33":15,"34":15,"36":15,"38":14,"39":15,"41":12,"42":12,"44":12,"45":15,"46":2,"47":2,"48":2,"49":2,"50":2,"51":2,"52":2,"53":2,"54":2,"55":2,"56":2,"57":2,"58":2,"60":15,"61":2,"62":2,"63":2,"64":2,"65":2,"66":2,"67":2,"68":2,"69":2,"70":2,"72":2,"73":2,"74":1,"75":1,"76":1,"77":1,"78":1,"79":1,"80":1,"81":1,"82":1,"83":1,"84":2,"85":2,"86":2,"88":15,"89":2,"90":2,"91":8,"92":8,"93":4,"94":4,"95":4,"96":4,"97":4,"98":4,"99":4,"100":4,"101":4,"102":4,"103":8,"104":8,"105":2,"106":2,"108":15,"109":2,"110":2,"111":4,"112":4,"113":2,"114":2,"115":2,"116":2,"117":2,"118":2,"119":2,"120":2,"121":2,"122":2,"123":4,"124":4,"125":2,"126":2,"128":15,"129":1,"130":1,"131":1,"132":1,"133":1,"134":1,"135":1,"136":1,"137":1,"138":1,"139":1,"140":1,"141":1,"143":15,"144":1,"145":1,"146":1,"147":1,"148":1,"149":1,"150":1,"151":1,"152":1,"153":1,"154":1,"155":1,"156":1,"157":1,"159":15,"160":1,"161":1,"162":1,"163":1,"164":1,"165":1,"166":1,"167":1,"168":1,"169":1,"170":1,"171":1,"172":15,"173":15,"174":1,"175":1,"176":15},"branchMap":{"0":{"type":"branch","line":20,"loc":{"start":{"line":20,"column":0},"end":{"line":27,"column":1}},"locations":[{"start":{"line":20,"column":0},"end":{"line":27,"column":1}}]},"1":{"type":"branch","line":21,"loc":{"start":{"line":21,"column":37},"end":{"line":21,"column":54}},"locations":[{"start":{"line":21,"column":37},"end":{"line":21,"column":54}}]},"2":{"type":"branch","line":21,"loc":{"start":{"line":21,"column":44},"end":{"line":23,"column":26}},"locations":[{"start":{"line":21,"column":44},"end":{"line":23,"column":26}}]},"3":{"type":"branch","line":23,"loc":{"start":{"line":23,"column":23},"end":{"line":25,"column":25}},"locations":[{"start":{"line":23,"column":23},"end":{"line":25,"column":25}}]},"4":{"type":"branch","line":33,"loc":{"start":{"line":33,"column":7},"end":{"line":177,"column":1}},"locations":[{"start":{"line":33,"column":7},"end":{"line":177,"column":1}}]},"5":{"type":"branch","line":37,"loc":{"start":{"line":37,"column":22},"end":{"line":37,"column":29}},"locations":[{"start":{"line":37,"column":22},"end":{"line":37,"column":29}}]},"6":{"type":"branch","line":37,"loc":{"start":{"line":37,"column":22},"end":{"line":40,"column":26}},"locations":[{"start":{"line":37,"column":22},"end":{"line":40,"column":26}}]},"7":{"type":"branch","line":40,"loc":{"start":{"line":40,"column":26},"end":{"line":40,"column":33}},"locations":[{"start":{"line":40,"column":26},"end":{"line":40,"column":33}}]},"8":{"type":"branch","line":40,"loc":{"start":{"line":40,"column":26},"end":{"line":46,"column":11}},"locations":[{"start":{"line":40,"column":26},"end":{"line":46,"column":11}}]},"9":{"type":"branch","line":46,"loc":{"start":{"line":46,"column":6},"end":{"line":59,"column":7}},"locations":[{"start":{"line":46,"column":6},"end":{"line":59,"column":7}}]},"10":{"type":"branch","line":61,"loc":{"start":{"line":61,"column":6},"end":{"line":87,"column":7}},"locations":[{"start":{"line":61,"column":6},"end":{"line":87,"column":7}}]},"11":{"type":"branch","line":89,"loc":{"start":{"line":89,"column":6},"end":{"line":107,"column":7}},"locations":[{"start":{"line":89,"column":6},"end":{"line":107,"column":7}}]},"12":{"type":"branch","line":109,"loc":{"start":{"line":109,"column":6},"end":{"line":127,"column":7}},"locations":[{"start":{"line":109,"column":6},"end":{"line":127,"column":7}}]},"13":{"type":"branch","line":129,"loc":{"start":{"line":129,"column":6},"end":{"line":142,"column":7}},"locations":[{"start":{"line":129,"column":6},"end":{"line":142,"column":7}}]},"14":{"type":"branch","line":144,"loc":{"start":{"line":144,"column":6},"end":{"line":158,"column":7}},"locations":[{"start":{"line":144,"column":6},"end":{"line":158,"column":7}}]},"15":{"type":"branch","line":160,"loc":{"start":{"line":160,"column":6},"end":{"line":172,"column":7}},"locations":[{"start":{"line":160,"column":6},"end":{"line":172,"column":7}}]},"16":{"type":"branch","line":174,"loc":{"start":{"line":174,"column":4},"end":{"line":176,"column":3}},"locations":[{"start":{"line":174,"column":4},"end":{"line":176,"column":3}}]},"17":{"type":"branch","line":73,"loc":{"start":{"line":73,"column":19},"end":{"line":85,"column":11}},"locations":[{"start":{"line":73,"column":19},"end":{"line":85,"column":11}}]},"18":{"type":"branch","line":74,"loc":{"start":{"line":74,"column":38},"end":{"line":85,"column":11}},"locations":[{"start":{"line":74,"column":38},"end":{"line":85,"column":11}}]},"19":{"type":"branch","line":91,"loc":{"start":{"line":91,"column":22},"end":{"line":105,"column":11}},"locations":[{"start":{"line":91,"column":22},"end":{"line":105,"column":11}}]},"20":{"type":"branch","line":92,"loc":{"start":{"line":92,"column":21},"end":{"line":104,"column":13}},"locations":[{"start":{"line":92,"column":21},"end":{"line":104,"column":13}}]},"21":{"type":"branch","line":93,"loc":{"start":{"line":93,"column":40},"end":{"line":104,"column":13}},"locations":[{"start":{"line":93,"column":40},"end":{"line":104,"column":13}}]},"22":{"type":"branch","line":111,"loc":{"start":{"line":111,"column":22},"end":{"line":125,"column":11}},"locations":[{"start":{"line":111,"column":22},"end":{"line":125,"column":11}}]},"23":{"type":"branch","line":112,"loc":{"start":{"line":112,"column":21},"end":{"line":124,"column":13}},"locations":[{"start":{"line":112,"column":21},"end":{"line":124,"column":13}}]},"24":{"type":"branch","line":113,"loc":{"start":{"line":113,"column":40},"end":{"line":124,"column":13}},"locations":[{"start":{"line":113,"column":40},"end":{"line":124,"column":13}}]}},"b":{"0":[14],"1":[1],"2":[13],"3":[2],"4":[15],"5":[1],"6":[14],"7":[2],"8":[12],"9":[2],"10":[2],"11":[2],"12":[2],"13":[1],"14":[1],"15":[1],"16":[1],"17":[2],"18":[1],"19":[8],"20":[8],"21":[4],"22":[4],"23":[4],"24":[2]},"fnMap":{"0":{"name":"getAudioContextClass","decl":{"start":{"line":20,"column":0},"end":{"line":27,"column":1}},"loc":{"start":{"line":20,"column":0},"end":{"line":27,"column":1}},"line":20},"1":{"name":"playNotificationSound","decl":{"start":{"line":33,"column":7},"end":{"line":177,"column":1}},"loc":{"start":{"line":33,"column":7},"end":{"line":177,"column":1}},"line":33}},"f":{"0":14,"1":15}}
}
